---------------------------------------------------
M.U.G.E.N ver 1.1.0 Beta 1 P1 (2013.08.11) status log
---------------------------------------------------
Parsing command line...
Command line: D:\Mugen\mugen-1.1b1\mugen.exe
Parse command line OK
Initializing...
Allocating game variables
Reading configuration file...Setting language "en".
OK
Initializing timer...performance timer enabled...frequency 10000000...OK
Initializing keyboard...configuring...OK
Initializing input engine...OK
Initializing sound...OK
Initializing BGM...  OK
Initializing graphics...gameCoord 1280x720...render mode 2_22...trying 1280x720x32 mode 0x0...success...OK
Setting callbacks...OK
Initializing font...OK
Initializing game variables...OK
Session RNG seed is 1702996736
Loading system fonts...OK
Loading options...
Initializing pads...OK
Reinitializing input engine...OK
Remapping keys...OK
Reinitializing input engine...OK
Options loaded OK
Loading system...
  Load system file system.def...OK
  Load system spr...OK
  Load system snd...OK
  Load system fonts...OK
  Load system anim...OK
  Load [Title Info]...OK
  Load [Option Info]...OK
  Load [Select Info]...OK
  Load [VS Screen]...OK
  Load [Victory Screen]...OK
  Load [Demo Mode]...OK
  Load [Continue Screen]...OK
  Load [Game Over Screen]...OK
  Load [Win Screen]...OK
  Load [Survival Results Screen]...OK
  Load [Default Ending]...OK
  Load [End Credits]...OK
  Load TitleBG...VersusBG...VictoryBG...SelectBG...OptionBG...OK
  Loading fight data
    Opening fight data file data/mugen1/fight.def...OK
    Reading [Files]...OK
    Loading fonts...OK
    Load fight anim...OK
    Reading [Lifebar]...[Turns Lifebar]...[Simul Lifebar]...[Powerbar]...
    [Face]...[Simul Face]...[Turns Face]...
    [Name]...[Simul Name]...[Turns Name]...
    [Time]...[Combo]...[Round]...[WinIcon]...OK
    Allocating explods...OK
  Fight data loaded OK
Lua initing
Lua init complete
System loaded OK
Initialize OK
Set up graphics...timer...OK

Entering gameflow loop
Gameflow 0
Gameflow 1
Gameflow 2
Initializing character info...OK
Initializing select screen...finding characters...OK
Gameflow 3
Gameflow 4
Entering mode select.
Unloading match assets
Freeing players
Game loop init
Mode select init
End of mode select loop
Game loop deinit
Gameflow 6
Reset persist vars team 0
Reset persist vars team 1
Gameflow 7
Entering character select.
Unloading match assets
Freeing players
Game loop init
Unreserved all palettes
Charsel init
Game loop deinit
Canceled character select.
Gameflow 4
Entering mode select.
Unloading match assets
Freeing players
Game loop init
Mode select init
End of mode select loop
Game loop deinit
Gameflow 5
Entering options screen.
Unloading match assets
Freeing players
Game loop init
Options screen init
Config keys menu
Setting up input
Remapping keys...OK
Reinitializing input engine...OK
Return from config keys menu
End of options screen loop
Game loop deinit
Gameflow 4
Entering mode select.
Unloading match assets
Freeing players
Game loop init
Mode select init
End of mode select loop
Game loop deinit
Gameflow 6
Reset persist vars team 0
Reset persist vars team 1
Gameflow 7
Entering character select.
Unloading match assets
Freeing players
Game loop init
Unreserved all palettes
Charsel init
Selected char 0 on teamslot 0.0
Char Vegetto SSJ3.def (0) request pal 0 7F (7F) -> reserved 0 (7E)
End of charsel loop
Game loop deinit
Gameflow 8
Char Vegetto SSJ3.def (0) request pal 10 7F (7E) -> reserved 4 (6E)
Gameflow 9
Gameflow 10
Entering versus screen.
Unloading match assets
Freeing players
Game loop init
Versus screen init
End of versus screen loop
Game loop deinit
Gameflow 11
Loading match assets...
Loading stage...
  Loading BG...OK
Stage loaded OK
  Allocating helpers...OK
Match RNG seed: 551233699
Reset persist vars team 1
Loading character chars/Vegetto SSJ3/Vegetto SSJ3.def...
  Loading info...OK
  Loading cmd command set Vegetto SSJ3.cmd...OK
  Loading cns Vegetto SSJ3.cns...OK
  Loading cns IA.cns...OK
  Loading cns Especiales.cns...OK
  Loading cns Supers.cns...OK
  Loading cmd state entry Vegetto SSJ3.cmd...OK
  Loading common states common1.cns...OK
  Loading sff Vegetto SSJ3.sff...OK
  Loading anim vegetto SSJ3.air...OK
  Loading snd Vegetto SSJ3.snd...OK
  Loading pals...(1,1)(1,2)(1,3)(1,4)(1,5)(1,6)(1,7)OK
  SFF v1.01 palette hack engaged.
  15588 expressions (3775 on trigger lines)
Character Vegetto SSJ3.def loaded OK
New char Vegito SSJ3 loaded into cache: (1/4 cached) Load time: 2750.000ms
Player Vegito SSJ3 cache count increased: 2
Resetting round
Match assets initialized OK
Game loop init
Match loop init
End of match loop
Total time: 2.57s
Total frames: 155 	Skipped frames: 0
Avg game rate: 60.31
Avg frame rate: 60.31

Finishing match
Freeing players
Save persist vars P56 Vegito SSJ3
Player Vegito SSJ3 cache count reduced: 1
Save persist vars P57 Vegito SSJ3
Player Vegito SSJ3 cache count reduced: 0
Match RNG closed
Game loop deinit
Gameflow 6
Reset persist vars team 0
Reset persist vars team 1
Gameflow 7
Entering character select.
Unloading match assets
Freeing players
Unloading stage...OK
Game loop init
Unreserved all palettes
Charsel init
Game loop deinit
Canceled character select.
Gameflow 4
Entering mode select.
Unloading match assets
Freeing players
Game loop init
Mode select init
End of mode select loop
Game loop deinit
Gameflow 5
Entering options screen.
Unloading match assets
Freeing players
Game loop init
Options screen init
Config keys menu
Setting up input
Remapping keys...OK
Reinitializing input engine...OK
Return from config keys menu
End of options screen loop
Game loop deinit
Gameflow 4
Entering mode select.
Unloading match assets
Freeing players
Game loop init
Mode select init
End of mode select loop
Game loop deinit
Gameflow 6
Reset persist vars team 0
Reset persist vars team 1
Gameflow 7
Entering character select.
Unloading match assets
Freeing players
Game loop init
Unreserved all palettes
Charsel init
Selected char 1 on teamslot 0.0
Char Gohan Beat V3.def (1) request pal 0 0 (0) -> reserved 0 (0)
End of charsel loop
Game loop deinit
Gameflow 8
Char Gohan Beat V3.def (1) request pal 4 0 (0) -> reserved 0 (0)
Gameflow 9
Gameflow 10
Entering versus screen.
Unloading match assets
Freeing players
Game loop init
Versus screen init
End of versus screen loop
Game loop deinit
Gameflow 11
Loading match assets...
Loading stage...
  Loading BG...OK
Stage loaded OK
  Allocating helpers...OK
Match RNG seed: 1238588042
Reset persist vars team 1
Loading character chars/Gohan Beat V3/Gohan Beat V3.def...
  Loading info...OK
  Loading cmd command set Gohan.cmd...OK
  Loading cns Resources/cns.cns...OK
  Loading cns IA.cns...OK
  Loading cmd state entry Gohan.cmd...OK
  Loading common states Resources/common.cns...OK
  Loading sff Resources/spr.sff...OK
  Loading anim Gohan.air...OK
  Loading snd Resources/snd.snd...OK
  Loading pals...OK
  18386 expressions (3778 on trigger lines)
Character Gohan Beat V3.def loaded OK
New char Gohan loaded into cache: (2/4 cached) Load time: 6980.000ms
Player Gohan cache count increased: 2
Resetting round
Match assets initialized OK
Game loop init
Match loop init
End of match loop
Total time: 64.25s
Total frames: 3856 	Skipped frames: 3
Avg game rate: 60.02
Avg frame rate: 59.97

Finishing match
Freeing players
Save persist vars P56 Gohan
Player Gohan cache count reduced: 1
Save persist vars P57 Gohan
Player Gohan cache count reduced: 0
Match RNG closed
Game loop deinit
Gameflow 6
Reset persist vars team 0
Reset persist vars team 1
Gameflow 7
Entering character select.
Unloading match assets
Freeing players
Unloading stage...OK
Game loop init
Unreserved all palettes
Charsel init
Selected char 0 on teamslot 0.0
Char Vegetto SSJ3.def (0) request pal 0 7F (7F) -> reserved 0 (7E)
End of charsel loop
Game loop deinit
Gameflow 8
Char Vegetto SSJ3.def (0) request pal 2 7F (7E) -> reserved 2 (7A)
Gameflow 9
Gameflow 10
Entering versus screen.
Unloading match assets
Freeing players
Game loop init
Versus screen init
End of versus screen loop
Game loop deinit
Gameflow 11
Loading match assets...
Loading stage...
  Loading BG...OK
Stage loaded OK
  Allocating helpers...OK
Match RNG seed: 1595526584
Reset persist vars team 1
Player Vegito SSJ3 cache count increased: 1
Player Vegito SSJ3 cache count increased: 2
Resetting round
Match assets initialized OK
Game loop init
Match loop init
Life power and time reset
End of match loop
Total time: 47.62s
Total frames: 2858 	Skipped frames: 0
Avg game rate: 60.02
Avg frame rate: 60.02

Finishing match
Freeing players
Save persist vars P56 Vegito SSJ3
Player Vegito SSJ3 cache count reduced: 1
Save persist vars P57 Vegito SSJ3
Player Vegito SSJ3 cache count reduced: 0
Match RNG closed
Game loop deinit
Gameflow 6
Reset persist vars team 0
Reset persist vars team 1
Gameflow 7
Entering character select.
Unloading match assets
Freeing players
Unloading stage...OK
Game loop init
Unreserved all palettes
Charsel init
Game loop deinit
Canceled character select.
Gameflow 4
Entering mode select.
Unloading match assets
Freeing players
Game loop init
Mode select init
End of mode select loop
Game loop deinit
Returned from gameflow loop
Deinitializing...
Frames      : 11072
Time elapsed: 224.640 sec
ticks: 22464, tps: 100, start 212, end 22676

Unloading match assets
Freeing players
Clearing player cache...Freeing player RC Vegito SSJ3...CMD...CNS...SFF...AIR...SND...Misc...OK
Freeing player RC Gohan...CMD...CNS...SFF...AIR...SND...Misc...OK
OK
Freeing character info...OK
Freeing select screen...OK
Freeing fight data...OK
Freeing system data...OK
Freeing game variables...Unloading match assets
Freeing players
OK
Deinitializing input...pad...keyboard...OK
Removing callbacks...OK
Deintializing timer...OK
Deinitializing graphics...OK
Deinitializing BGM...OK
Deinitializing sound...OK
Successful program termination.

Log file successfully closed.
